\BOOKMARK [1][-]{section.1}{\376\377\000I\000n\000t\000r\000o\000d\000u\000c\000t\000i\000o\000n}{}% 1
\BOOKMARK [1][-]{section.2}{\376\377\000E\000n\000v\000i\000r\000o\000n\000n\000e\000m\000e\000n\000t\000\040\000e\000t\000\040\000o\000u\000t\000i\000l\000s}{}% 2
\BOOKMARK [1][-]{section.3}{\376\377\000S\000e\000c\000t\000i\000o\000n\000\040\0001\000.\0001\000\040\040\023\000\040\000M\000i\000s\000e\000\040\000e\000n\000\040\000p\000l\000a\000c\000e\000\040\000d\000u\000\040\000s\000c\000\351\000n\000a\000r\000i\000o\000\040\000d\000e\000\040\000b\000a\000s\000e}{}% 3
\BOOKMARK [2][-]{subsection.3.1}{\376\377\000O\000b\000j\000e\000c\000t\000i\000f}{section.3}% 4
\BOOKMARK [2][-]{subsection.3.2}{\376\377\000T\000o\000p\000o\000l\000o\000g\000i\000e}{section.3}% 5
\BOOKMARK [2][-]{subsection.3.3}{\376\377\000F\000l\000u\000x}{section.3}% 6
\BOOKMARK [2][-]{subsection.3.4}{\376\377\000H\000\351\000t\000\351\000r\000o\000g\000\351\000n\000\351\000i\000t\000\351\000\040\000d\000e\000s\000\040\000R\000T\000T}{section.3}% 7
\BOOKMARK [2][-]{subsection.3.5}{\376\377\000S\000o\000r\000t\000i\000e\000s\000\040\000p\000r\000o\000d\000u\000i\000t\000e\000s}{section.3}% 8
\BOOKMARK [1][-]{section.4}{\376\377\000S\000e\000c\000t\000i\000o\000n\000\040\0001\000.\0002\000\040\040\023\000\040\000C\000a\000s\000\040\000a\000v\000e\000c\000\040\000c\000o\000n\000g\000e\000s\000t\000i\000o\000n\000\040\000e\000t\000\040\000c\000a\000s\000\040\000s\000a\000n\000s\000\040\000c\000o\000n\000g\000e\000s\000t\000i\000o\000n}{}% 9
\BOOKMARK [2][-]{subsection.4.1}{\376\377\000O\000b\000j\000e\000c\000t\000i\000f}{section.4}% 10
\BOOKMARK [2][-]{subsection.4.2}{\376\377\000C\000a\000s\000\040\000`\000`\000a\000v\000e\000c\000\040\000c\000o\000n\000g\000e\000s\000t\000i\000o\000n\000'\000'\000\040\000\050\000C\000o\000n\000g\000e\000s\000t\000i\000o\000n\000\040\000c\000a\000s\000e\000\051}{section.4}% 11
\BOOKMARK [2][-]{subsection.4.3}{\376\377\000C\000a\000s\000\040\000`\000`\000s\000a\000n\000s\000\040\000c\000o\000n\000g\000e\000s\000t\000i\000o\000n\000'\000'\000\040\000\050\000N\000o\000-\000c\000o\000n\000g\000e\000s\000t\000i\000o\000n\000\040\000c\000a\000s\000e\000\051}{section.4}% 12
\BOOKMARK [2][-]{subsection.4.4}{\376\377\000E\000x\000t\000r\000a\000c\000t\000i\000o\000n\000\040\000d\000u\000\040\000t\000h\000r\000o\000u\000g\000h\000p\000u\000t\000\040\000p\000a\000r\000\040\000f\000l\000u\000x}{section.4}% 13
\BOOKMARK [2][-]{subsection.4.5}{\376\377\000S\000o\000r\000t\000i\000e\000s\000\040\000a\000t\000t\000e\000n\000d\000u\000e\000s\000\040\000p\000o\000u\000r\000\040\000l\000a\000\040\000s\000e\000c\000t\000i\000o\000n\000\040\0001\000.\0002}{section.4}% 14
\BOOKMARK [2][-]{subsection.4.6}{\376\377\000T\000a\000b\000l\000e\000a\000u\000x\000\040\000d\000e\000\040\000r\000\351\000s\000u\000l\000t\000a\000t\000s\000\040\000\050\000g\000a\000b\000a\000r\000i\000t\000\051}{section.4}% 15
\BOOKMARK [3][-]{subsubsection.4.6.1}{\376\377\000T\000h\000r\000o\000u\000g\000h\000p\000u\000t\000\040\040\023\000\040\000c\000a\000s\000\040\000c\000o\000n\000g\000e\000s\000t\000i\000o\000n}{subsection.4.6}% 16
\BOOKMARK [3][-]{subsubsection.4.6.2}{\376\377\000T\000h\000r\000o\000u\000g\000h\000p\000u\000t\000\040\040\023\000\040\000c\000a\000s\000\040\000s\000a\000n\000s\000\040\000c\000o\000n\000g\000e\000s\000t\000i\000o\000n}{subsection.4.6}% 17
\BOOKMARK [2][-]{subsection.4.7}{\376\377\000D\000i\000s\000c\000u\000s\000s\000i\000o\000n\000\040\000p\000r\000\351\000l\000i\000m\000i\000n\000a\000i\000r\000e\000\040\000\050\000j\000u\000s\000q\000u\000'\000i\000c\000i\000\051}{section.4}% 18
\BOOKMARK [1][-]{section.5}{\376\377\000S\000u\000i\000t\000e\000\040\000d\000u\000\040\000r\000a\000p\000p\000o\000r\000t\000\040\000\050\000\340\000\040\000c\000o\000m\000p\000l\000\351\000t\000e\000r\000\051}{}% 19
\BOOKMARK [2][-]{subsection.5.1}{\376\377\000S\000e\000c\000t\000i\000o\000n\000\040\0001\000.\0003}{section.5}% 20
\BOOKMARK [2][-]{subsection.5.2}{\376\377\000S\000e\000c\000t\000i\000o\000n\000\040\0001\000.\0004}{section.5}% 21
\BOOKMARK [2][-]{subsection.5.3}{\376\377\000S\000e\000c\000t\000i\000o\000n\000\040\0001\000.\0005}{section.5}% 22
